ninja: Entering directory `/Users/yz/workspace/performance/MyLive/app/.cxx/Debug/37706zn4/arm64-v8a'
[1/2] Building CXX object CMakeFiles/mylive.dir/native-lib.cpp.o
/Users/yz/workspace/performance/MyLive/app/src/main/cpp/native-lib.cpp:46:23: warning: format specifies type 'int' but the argument has type 'long' [-Wformat]
    LOGD("long-> %d", l_long);
                 ~~   ^~~~~~
                 %ld
/Users/yz/workspace/performance/MyLive/app/src/main/cpp/native-lib.cpp:9:64: note: expanded from macro 'LOGD'
#define LOGD(...) __android_log_print(ANDROID_LOG_DEBUG, TAG,  __VA_ARGS__);
                                                               ^~~~~~~~~~~
1 warning generated.
[2/2] Linking CXX shared library /Users/yz/workspace/performance/MyLive/app/build/intermediates/cxx/Debug/37706zn4/obj/arm64-v8a/libmylive.so
FAILED: /Users/yz/workspace/performance/MyLive/app/build/intermediates/cxx/Debug/37706zn4/obj/arm64-v8a/libmylive.so 
: && /Users/yz/Library/Android/sdk/ndk/21.4.7075529/toolchains/llvm/prebuilt/darwin-x86_64/bin/clang++ --target=aarch64-none-linux-android21 --gcc-toolchain=/Users/yz/Library/Android/sdk/ndk/21.4.7075529/toolchains/llvm/prebuilt/darwin-x86_64 --sysroot=/Users/yz/Library/Android/sdk/ndk/21.4.7075529/toolchains/llvm/prebuilt/darwin-x86_64/sysroot -fPIC -g -DANDROID -fdata-sections -ffunction-sections -funwind-tables -fstack-protector-strong -no-canonical-prefixes -D_FORTIFY_SOURCE=2 -Wformat -Werror=format-security   -O0 -fno-limit-debug-info  -Wl,--exclude-libs,libgcc.a -Wl,--exclude-libs,libgcc_real.a -Wl,--exclude-libs,libatomic.a -static-libstdc++ -Wl,--build-id -Wl,--fatal-warnings -Wl,--no-undefined -Qunused-arguments -shared -Wl,-soname,libmylive.so -o /Users/yz/workspace/performance/MyLive/app/build/intermediates/cxx/Debug/37706zn4/obj/arm64-v8a/libmylive.so CMakeFiles/mylive.dir/native-lib.cpp.o  ../../../../libs/armeabi/libavcodec.a  ../../../../libs/armeabi/libavfilter.a  ../../../../libs/armeabi/libavformat.a  ../../../../libs/armeabi/libavutil.a  ../../../../libs/armeabi/libswresample.a  ../../../../libs/armeabi/libswscale.a  -llog  -latomic -lm && :
../../../../libs/armeabi/libavutil.a: error adding symbols: File in wrong format
clang++: error: linker command failed with exit code 1 (use -v to see invocation)
ninja: build stopped: subcommand failed.
